2025-04-04 20:32:51,425 - INFO - Fetching stock data for AAPL...
2025-04-04 20:32:52,243 - INFO - Fetching stock data for GOOGL...
2025-04-04 20:32:52,756 - INFO - Fetching news data for Apple...
2025-04-04 20:32:53,307 - INFO - Fetching news data for Google...
2025-04-04 20:33:36,405 - INFO - Fetching stock data for AAPL...
2025-04-04 20:33:37,075 - INFO - Fetching stock data for GOOGL...
2025-04-04 20:33:37,688 - INFO - Fetching news data for Apple...
2025-04-04 20:33:38,152 - INFO - Fetching news data for Google...
2025-04-04 21:04:04,173 - INFO - Fetching stock data for AAPL...
2025-04-04 21:04:05,496 - INFO - Fetching stock data for GOOGL...
2025-04-04 21:04:06,851 - INFO - Stock data loaded successfully!
2025-04-04 21:04:06,851 - INFO - Fetching news data for Apple...
2025-04-04 21:04:07,833 - INFO - Fetching news data for Google...
2025-04-04 21:04:08,827 - INFO - News sentiment data loaded successfully!
2025-04-04 21:05:52,181 - INFO - Predictions made for AAPL
2025-04-04 21:05:54,582 - INFO - Predictions made for GOOGL
2025-04-04 21:05:54,597 - INFO - Predictions saved to database.
2025-04-04 21:08:50,575 - INFO - Fetching stock data...
2025-04-04 21:08:50,575 - INFO - Fetching stock data for AAPL...
2025-04-04 21:08:51,586 - INFO - Fetching stock data for GOOGL...
2025-04-04 21:08:52,111 - INFO - Fetching stock data for MSFT...
2025-04-04 21:08:52,827 - INFO - Stock data loaded successfully!
2025-04-04 21:08:52,827 - INFO - Fetching news data...
2025-04-04 21:08:52,827 - INFO - Fetching news data for Apple...
2025-04-04 21:08:53,404 - INFO - Fetching news data for Google...
2025-04-04 21:08:54,624 - INFO - Fetching news data for Microsoft...
2025-04-04 21:08:55,931 - INFO - News sentiment data loaded successfully!
2025-04-04 21:08:55,931 - INFO - Checking for alerts...
2025-04-04 21:08:58,828 - ERROR - Error sending email: (535, b'5.7.8 Username and Password not accepted. For more information, go to\n5.7.8  https://support.google.com/mail/?p=BadCredentials d2e1a72fcca58-739d9806f87sm3525662b3a.80 - gsmtp')
2025-04-04 21:13:58,839 - INFO - Fetching stock data...
2025-04-04 21:13:58,839 - INFO - Fetching stock data for AAPL...
2025-04-04 21:13:59,726 - INFO - Fetching stock data for GOOGL...
2025-04-04 21:14:00,755 - INFO - Fetching stock data for MSFT...
2025-04-04 21:14:01,591 - INFO - Stock data loaded successfully!
2025-04-04 21:14:01,591 - INFO - Fetching news data...
2025-04-04 21:14:01,591 - INFO - Fetching news data for Apple...
2025-04-04 21:14:02,861 - INFO - Fetching news data for Google...
2025-04-04 21:14:04,174 - INFO - Fetching news data for Microsoft...
2025-04-04 21:14:05,587 - INFO - News sentiment data loaded successfully!
2025-04-04 21:14:05,587 - INFO - Checking for alerts...
2025-04-04 21:14:07,805 - ERROR - Error sending email: (535, b'5.7.8 Username and Password not accepted. For more information, go to\n5.7.8  https://support.google.com/mail/?p=BadCredentials d9443c01a7336-2297866e6fdsm33566755ad.165 - gsmtp')
2025-04-04 21:19:07,810 - INFO - Fetching stock data...
2025-04-04 21:19:07,810 - INFO - Fetching stock data for AAPL...
2025-04-04 21:19:08,684 - INFO - Fetching stock data for GOOGL...
2025-04-04 21:19:09,689 - INFO - Fetching stock data for MSFT...
2025-04-04 21:19:10,654 - INFO - Stock data loaded successfully!
2025-04-04 21:19:10,654 - INFO - Fetching news data...
2025-04-04 21:19:10,654 - INFO - Fetching news data for Apple...
2025-04-04 21:19:12,010 - INFO - Fetching news data for Google...
2025-04-04 21:19:14,423 - INFO - Fetching news data for Microsoft...
2025-04-04 21:19:14,999 - INFO - News sentiment data loaded successfully!
2025-04-04 21:19:14,999 - INFO - Checking for alerts...
2025-04-04 23:28:34,414 - INFO - Fetching stock data...
2025-04-04 23:28:34,414 - INFO - Fetching stock data for AAPL...
2025-04-04 23:28:35,338 - INFO - Fetching stock data for GOOGL...
2025-04-04 23:28:36,331 - INFO - Fetching stock data for MSFT...
2025-04-04 23:28:37,527 - INFO - Stock data loaded successfully!
2025-04-04 23:28:37,527 - INFO - Fetching news data...
2025-04-04 23:28:37,527 - INFO - Fetching news data for Apple...
2025-04-04 23:28:37,894 - INFO - Fetching news data for Google...
2025-04-04 23:28:38,288 - INFO - Fetching news data for Microsoft...
2025-04-04 23:28:38,666 - INFO - News sentiment data loaded successfully!
2025-04-04 23:28:38,666 - INFO - Checking for alerts...
2025-04-04 23:28:40,936 - ERROR - Error sending email: (535, b'5.7.8 Username and Password not accepted. For more information, go to\n5.7.8  https://support.google.com/mail/?p=BadCredentials 98e67ed59e1d1-30588a30f00sm3791256a91.26 - gsmtp')
2025-04-04 23:33:40,949 - INFO - Fetching stock data...
2025-04-04 23:33:40,949 - INFO - Fetching stock data for AAPL...
2025-04-04 23:33:48,771 - INFO - Fetching stock data for GOOGL...
2025-04-04 23:33:52,545 - INFO - Fetching stock data for MSFT...
2025-04-04 23:33:53,498 - INFO - Stock data loaded successfully!
2025-04-04 23:33:53,498 - INFO - Fetching news data...
2025-04-04 23:33:53,498 - INFO - Fetching news data for Apple...
2025-04-04 23:33:54,417 - INFO - Fetching news data for Google...
2025-04-04 23:33:54,730 - INFO - Fetching news data for Microsoft...
2025-04-04 23:33:55,692 - INFO - News sentiment data loaded successfully!
2025-04-04 23:33:55,694 - INFO - Checking for alerts...
2025-04-04 23:38:55,757 - INFO - Fetching stock data...
2025-04-04 23:38:55,758 - INFO - Fetching stock data for AAPL...
2025-04-04 23:38:56,673 - INFO - Fetching stock data for GOOGL...
2025-04-04 23:38:57,623 - INFO - Fetching stock data for MSFT...
2025-04-04 23:38:58,554 - INFO - Stock data loaded successfully!
2025-04-04 23:38:58,554 - INFO - Fetching news data...
2025-04-04 23:38:58,554 - INFO - Fetching news data for Apple...
2025-04-04 23:38:58,940 - INFO - Fetching news data for Google...
2025-04-04 23:38:59,325 - INFO - Fetching news data for Microsoft...
2025-04-04 23:38:59,697 - INFO - News sentiment data loaded successfully!
2025-04-04 23:38:59,697 - INFO - Checking for alerts...
2025-04-04 23:39:01,947 - ERROR - Error sending email: (535, b'5.7.8 Username and Password not accepted. For more information, go to\n5.7.8  https://support.google.com/mail/?p=BadCredentials d9443c01a7336-229785ad869sm35505625ad.26 - gsmtp')
2025-04-04 23:44:01,962 - INFO - Fetching stock data...
2025-04-04 23:44:01,963 - INFO - Fetching stock data for AAPL...
2025-04-04 23:44:03,088 - INFO - Fetching stock data for GOOGL...
2025-04-04 23:44:04,046 - INFO - Fetching stock data for MSFT...
2025-04-04 23:44:04,812 - WARNING - No time series data for MSFT
2025-04-04 23:44:04,843 - INFO - Stock data loaded successfully!
2025-04-04 23:44:04,843 - INFO - Fetching news data...
2025-04-04 23:44:04,843 - INFO - Fetching news data for Apple...
2025-04-04 23:44:05,854 - INFO - Fetching news data for Google...
2025-04-04 23:44:06,784 - INFO - Fetching news data for Microsoft...
2025-04-04 23:44:07,745 - INFO - News sentiment data loaded successfully!
2025-04-04 23:44:07,745 - INFO - Checking for alerts...
2025-04-05 15:36:21,195 - INFO - Fetching stock data...
2025-04-05 15:36:21,197 - INFO - Fetching stock data for AAPL...
2025-04-05 15:36:21,219 - ERROR - Exception while fetching stock data for AAPL: HTTPSConnectionPool(host='www.alphavantage.co', port=443): Max retries exceeded with url: /query?function=TIME_SERIES_INTRADAY&symbol=AAPL&interval=5min&apikey=DN8HIOUER6YYX070 (Caused by NameResolutionError("<urllib3.connection.HTTPSConnection object at 0x000002493DA41570>: Failed to resolve 'www.alphavantage.co' ([Errno 11001] getaddrinfo failed)"))
2025-04-05 15:36:21,219 - INFO - Fetching stock data for GOOGL...
2025-04-05 15:36:21,221 - ERROR - Exception while fetching stock data for GOOGL: HTTPSConnectionPool(host='www.alphavantage.co', port=443): Max retries exceeded with url: /query?function=TIME_SERIES_INTRADAY&symbol=GOOGL&interval=5min&apikey=DN8HIOUER6YYX070 (Caused by NameResolutionError("<urllib3.connection.HTTPSConnection object at 0x000002493DA41150>: Failed to resolve 'www.alphavantage.co' ([Errno 11001] getaddrinfo failed)"))
2025-04-05 15:36:21,222 - INFO - Fetching stock data for MSFT...
2025-04-05 15:36:21,225 - ERROR - Exception while fetching stock data for MSFT: HTTPSConnectionPool(host='www.alphavantage.co', port=443): Max retries exceeded with url: /query?function=TIME_SERIES_INTRADAY&symbol=MSFT&interval=5min&apikey=DN8HIOUER6YYX070 (Caused by NameResolutionError("<urllib3.connection.HTTPSConnection object at 0x000002493DA420E0>: Failed to resolve 'www.alphavantage.co' ([Errno 11001] getaddrinfo failed)"))
2025-04-05 15:36:21,226 - INFO - Fetching news data...
2025-04-05 15:36:21,226 - INFO - Fetching news data for Apple...
2025-04-05 15:36:21,229 - ERROR - Exception while fetching news data for Apple: HTTPSConnectionPool(host='newsapi.org', port=443): Max retries exceeded with url: /v2/everything?q=Apple&language=en&sortBy=publishedAt&pageSize=10 (Caused by NameResolutionError("<urllib3.connection.HTTPSConnection object at 0x000002493DA426B0>: Failed to resolve 'newsapi.org' ([Errno 11001] getaddrinfo failed)"))
2025-04-05 15:36:21,230 - INFO - Fetching news data for Google...
2025-04-05 15:36:21,232 - ERROR - Exception while fetching news data for Google: HTTPSConnectionPool(host='newsapi.org', port=443): Max retries exceeded with url: /v2/everything?q=Google&language=en&sortBy=publishedAt&pageSize=10 (Caused by NameResolutionError("<urllib3.connection.HTTPSConnection object at 0x000002493D95AB60>: Failed to resolve 'newsapi.org' ([Errno 11001] getaddrinfo failed)"))
2025-04-05 15:36:21,232 - INFO - Fetching news data for Microsoft...
2025-04-05 15:36:21,235 - ERROR - Exception while fetching news data for Microsoft: HTTPSConnectionPool(host='newsapi.org', port=443): Max retries exceeded with url: /v2/everything?q=Microsoft&language=en&sortBy=publishedAt&pageSize=10 (Caused by NameResolutionError("<urllib3.connection.HTTPSConnection object at 0x000002493DAD02B0>: Failed to resolve 'newsapi.org' ([Errno 11001] getaddrinfo failed)"))
2025-04-05 15:36:21,235 - INFO - Checking for alerts...
2025-04-05 19:48:20,720 - INFO - Fetching stock data...
2025-04-05 19:48:20,720 - INFO - Fetching stock data for AAPL...
2025-04-05 19:48:21,680 - INFO - Fetching stock data for GOOGL...
2025-04-05 19:48:22,208 - INFO - Fetching stock data for MSFT...
2025-04-05 19:48:22,842 - INFO - Stock data loaded successfully!
2025-04-05 19:48:22,845 - INFO - Fetching news data...
2025-04-05 19:48:22,845 - INFO - Fetching news data for Apple...
2025-04-05 19:48:23,808 - INFO - Fetching news data for Google...
2025-04-05 19:48:24,802 - INFO - Fetching news data for Microsoft...
2025-04-05 19:48:25,095 - INFO - News sentiment data loaded successfully!
2025-04-05 19:48:25,101 - INFO - Checking for alerts...
2025-04-05 20:00:14,972 - INFO - Fetching stock data...
2025-04-05 20:00:14,972 - INFO - Fetching stock data for AAPL...
2025-04-05 20:00:15,571 - INFO - Fetching stock data for GOOGL...
2025-04-05 20:00:16,068 - INFO - Fetching stock data for MSFT...
2025-04-05 20:00:16,689 - INFO - Stock data loaded successfully!
2025-04-05 20:00:16,689 - INFO - Fetching news data...
2025-04-05 20:00:16,689 - INFO - Fetching news data for Apple...
2025-04-05 20:00:17,625 - INFO - Fetching news data for Google...
2025-04-05 20:00:18,587 - INFO - Fetching news data for Microsoft...
2025-04-05 20:00:19,569 - INFO - News sentiment data loaded successfully!
2025-04-05 20:00:19,569 - INFO - Checking for alerts...
2025-04-05 20:00:21,915 - ERROR - Error sending email: (535, b'5.7.8 Username and Password not accepted. For more information, go to\n5.7.8  https://support.google.com/mail/?p=BadCredentials d9443c01a7336-229785ad899sm50708665ad.14 - gsmtp')
2025-04-05 21:10:19,212 - INFO - Fetching stock data...
2025-04-05 21:10:19,212 - INFO - Fetching stock data for AAPL...
2025-04-05 21:10:19,826 - INFO - Fetching stock data for GOOGL...
2025-04-05 21:10:20,767 - INFO - Fetching stock data for MSFT...
2025-04-05 21:10:21,761 - INFO - Stock data loaded successfully!
2025-04-05 21:10:21,762 - INFO - Fetching news data...
2025-04-05 21:10:21,762 - INFO - Fetching news data for Apple...
2025-04-05 21:10:22,680 - INFO - Fetching news data for Google...
2025-04-05 21:10:23,047 - INFO - Fetching news data for Microsoft...
2025-04-05 21:10:24,011 - INFO - News sentiment data loaded successfully!
2025-04-05 21:10:24,012 - INFO - Checking for alerts...
2025-04-05 21:10:26,322 - ERROR - Error sending email: (535, b'5.7.8 Username and Password not accepted. For more information, go to\n5.7.8  https://support.google.com/mail/?p=BadCredentials d9443c01a7336-2297866081csm51033095ad.143 - gsmtp')
2025-04-05 21:15:26,333 - INFO - Fetching stock data...
2025-04-05 21:15:26,334 - INFO - Fetching stock data for AAPL...
2025-04-05 21:15:26,952 - INFO - Fetching stock data for GOOGL...
2025-04-05 21:15:27,905 - INFO - Fetching stock data for MSFT...
2025-04-05 21:15:28,311 - INFO - Stock data loaded successfully!
2025-04-05 21:15:28,311 - INFO - Fetching news data...
2025-04-05 21:15:28,311 - INFO - Fetching news data for Apple...
2025-04-05 21:15:29,249 - INFO - Fetching news data for Google...
2025-04-05 21:15:30,170 - INFO - Fetching news data for Microsoft...
2025-04-05 21:15:31,126 - INFO - News sentiment data loaded successfully!
2025-04-05 21:15:31,127 - INFO - Checking for alerts...
2025-04-05 21:15:33,499 - ERROR - Error sending email: (535, b'5.7.8 Username and Password not accepted. For more information, go to\n5.7.8  https://support.google.com/mail/?p=BadCredentials d9443c01a7336-2297865e491sm51338305ad.153 - gsmtp')
2025-04-05 21:15:33,500 - INFO - Running predictions...
2025-04-05 21:15:46,487 - INFO - Predictions made for AAPL
2025-04-05 21:15:57,303 - INFO - Predictions made for GOOGL
2025-04-05 21:16:06,534 - WARNING - 5 out of the last 17 calls to <function TensorFlowTrainer.make_predict_function.<locals>.one_step_on_data_distributed at 0x0000024947A9FAC0> triggered tf.function retracing. Tracing is expensive and the excessive number of tracings could be due to (1) creating @tf.function repeatedly in a loop, (2) passing tensors with different shapes, (3) passing Python objects instead of tensors. For (1), please define your @tf.function outside of the loop. For (2), @tf.function has reduce_retracing=True option that can avoid unnecessary retracing. For (3), please refer to https://www.tensorflow.org/guide/function#controlling_retracing and https://www.tensorflow.org/api_docs/python/tf/function for  more details.
2025-04-05 21:16:07,055 - INFO - Predictions made for MSFT
2025-04-05 21:16:07,145 - INFO - Predictions saved to database.
2025-04-05 21:16:07,145 - INFO - Predictions completed successfully.
2025-04-05 21:21:07,156 - INFO - Fetching stock data...
2025-04-05 21:21:07,156 - INFO - Fetching stock data for AAPL...
2025-04-05 21:21:08,292 - INFO - Fetching stock data for GOOGL...
2025-04-05 21:21:09,368 - INFO - Fetching stock data for MSFT...
2025-04-05 21:21:10,112 - INFO - Stock data loaded successfully!
2025-04-05 21:21:10,112 - INFO - Fetching news data...
2025-04-05 21:21:10,112 - INFO - Fetching news data for Apple...
2025-04-05 21:21:11,116 - INFO - Fetching news data for Google...
2025-04-05 21:21:12,034 - INFO - Fetching news data for Microsoft...
2025-04-05 21:21:13,001 - INFO - News sentiment data loaded successfully!
2025-04-05 21:21:13,001 - INFO - Checking for alerts...
2025-04-05 21:26:13,044 - INFO - Fetching stock data...
2025-04-05 21:26:13,044 - INFO - Fetching stock data for AAPL...
2025-04-05 21:26:13,661 - INFO - Fetching stock data for GOOGL...
2025-04-05 21:26:14,580 - INFO - Fetching stock data for MSFT...
2025-04-05 21:26:15,751 - INFO - Stock data loaded successfully!
2025-04-05 21:26:15,752 - INFO - Fetching news data...
2025-04-05 21:26:15,752 - INFO - Fetching news data for Apple...
2025-04-05 21:26:16,676 - INFO - Fetching news data for Google...
2025-04-05 21:26:17,593 - INFO - Fetching news data for Microsoft...
2025-04-05 21:26:18,554 - INFO - News sentiment data loaded successfully!
2025-04-05 21:26:18,554 - INFO - Checking for alerts...
2025-04-05 21:26:20,865 - ERROR - Error sending email: (535, b'5.7.8 Username and Password not accepted. For more information, go to\n5.7.8  https://support.google.com/mail/?p=BadCredentials d9443c01a7336-229786600b1sm51346925ad.109 - gsmtp')
2025-04-05 21:31:20,867 - INFO - Fetching stock data...
2025-04-05 21:31:20,880 - INFO - Fetching stock data for AAPL...
2025-04-05 21:31:21,797 - INFO - Fetching stock data for GOOGL...
2025-04-05 21:31:22,158 - INFO - Fetching stock data for MSFT...
2025-04-05 21:31:22,788 - INFO - Stock data loaded successfully!
2025-04-05 21:31:22,788 - INFO - Fetching news data...
2025-04-05 21:31:22,789 - INFO - Fetching news data for Apple...
2025-04-05 21:31:23,771 - INFO - Fetching news data for Google...
2025-04-05 21:31:24,696 - INFO - Fetching news data for Microsoft...
2025-04-05 21:31:25,053 - INFO - News sentiment data loaded successfully!
2025-04-05 21:31:25,053 - INFO - Checking for alerts...
2025-04-05 21:36:25,123 - INFO - Fetching stock data...
2025-04-05 21:36:25,124 - INFO - Fetching stock data for AAPL...
2025-04-05 21:36:26,295 - INFO - Fetching stock data for GOOGL...
2025-04-05 21:36:27,398 - INFO - Fetching stock data for MSFT...
2025-04-05 21:36:28,607 - INFO - Stock data loaded successfully!
2025-04-05 21:36:28,608 - INFO - Fetching news data...
2025-04-05 21:36:28,608 - INFO - Fetching news data for Apple...
2025-04-05 21:36:29,558 - INFO - Fetching news data for Google...
2025-04-05 21:36:30,469 - INFO - Fetching news data for Microsoft...
2025-04-05 21:36:30,785 - INFO - News sentiment data loaded successfully!
2025-04-05 21:36:30,785 - INFO - Checking for alerts...
2025-04-05 21:41:31,162 - INFO - Fetching stock data...
2025-04-05 21:41:31,162 - INFO - Fetching stock data for AAPL...
2025-04-05 21:41:32,283 - INFO - Fetching stock data for GOOGL...
2025-04-05 21:41:33,268 - INFO - Fetching stock data for MSFT...
2025-04-05 21:41:34,320 - INFO - Stock data loaded successfully!
2025-04-05 21:41:34,321 - INFO - Fetching news data...
2025-04-05 21:41:34,321 - INFO - Fetching news data for Apple...
2025-04-05 21:41:35,254 - INFO - Fetching news data for Google...
2025-04-05 21:41:36,198 - INFO - Fetching news data for Microsoft...
2025-04-05 21:41:36,533 - INFO - News sentiment data loaded successfully!
2025-04-05 21:41:36,533 - INFO - Checking for alerts...
2025-04-05 21:46:36,615 - INFO - Fetching stock data...
2025-04-05 21:46:36,615 - INFO - Fetching stock data for AAPL...
2025-04-05 21:46:37,513 - INFO - Fetching stock data for GOOGL...
2025-04-05 21:46:38,284 - INFO - Fetching stock data for MSFT...
2025-04-05 21:46:39,320 - INFO - Stock data loaded successfully!
2025-04-05 21:46:39,320 - INFO - Fetching news data...
2025-04-05 21:46:39,320 - INFO - Fetching news data for Apple...
2025-04-05 21:46:40,261 - INFO - Fetching news data for Google...
2025-04-05 21:46:41,186 - INFO - Fetching news data for Microsoft...
2025-04-05 21:46:42,138 - INFO - News sentiment data loaded successfully!
2025-04-05 21:46:42,138 - INFO - Checking for alerts...
2025-04-05 22:22:47,578 - INFO - Fetching stock data...
2025-04-05 22:22:47,578 - INFO - Fetching stock data for AAPL...
2025-04-05 22:22:48,088 - INFO - Fetching stock data for GOOGL...
2025-04-05 22:22:48,425 - INFO - Fetching stock data for MSFT...
2025-04-05 22:22:48,729 - WARNING - No time series data for MSFT
2025-04-05 22:22:48,771 - INFO - Stock data loaded successfully!
2025-04-05 22:22:48,771 - INFO - Fetching news data...
2025-04-05 22:22:48,771 - INFO - Fetching news data for Apple...
2025-04-05 22:22:49,682 - INFO - Fetching news data for Google...
2025-04-05 22:22:50,594 - INFO - Fetching news data for Microsoft...
2025-04-05 22:22:50,885 - INFO - News sentiment data loaded successfully!
2025-04-05 22:22:50,885 - INFO - Checking for alerts...
2025-04-05 22:22:53,211 - ERROR - Error sending email: (535, b'5.7.8 Username and Password not accepted. For more information, go to\n5.7.8  https://support.google.com/mail/?p=BadCredentials 98e67ed59e1d1-3057ca47f62sm5849737a91.12 - gsmtp')
2025-04-05 22:22:55,479 - ERROR - Error sending email: (535, b'5.7.8 Username and Password not accepted. For more information, go to\n5.7.8  https://support.google.com/mail/?p=BadCredentials d2e1a72fcca58-739d9ea08dcsm5619527b3a.109 - gsmtp')
2025-04-05 22:27:55,483 - INFO - Fetching stock data...
2025-04-05 22:27:55,483 - INFO - Fetching stock data for AAPL...
2025-04-05 22:27:56,211 - WARNING - No time series data for AAPL
2025-04-05 22:27:56,211 - INFO - Fetching stock data for GOOGL...
2025-04-05 22:27:56,518 - WARNING - No time series data for GOOGL
2025-04-05 22:27:56,518 - INFO - Fetching stock data for MSFT...
2025-04-05 22:27:57,310 - WARNING - No time series data for MSFT
2025-04-05 22:27:57,310 - INFO - Fetching news data...
2025-04-05 22:27:57,311 - INFO - Fetching news data for Apple...
2025-04-05 22:27:58,253 - INFO - Fetching news data for Google...
2025-04-05 22:27:59,223 - INFO - Fetching news data for Microsoft...
2025-04-05 22:27:59,523 - INFO - News sentiment data loaded successfully!
2025-04-05 22:27:59,523 - INFO - Checking for alerts...
2025-04-05 22:28:02,506 - ERROR - Error sending email: (535, b'5.7.8 Username and Password not accepted. For more information, go to\n5.7.8  https://support.google.com/mail/?p=BadCredentials 41be03b00d2f7-af9bc2d331csm4636295a12.12 - gsmtp')
2025-04-05 22:28:04,737 - ERROR - Error sending email: (535, b'5.7.8 Username and Password not accepted. For more information, go to\n5.7.8  https://support.google.com/mail/?p=BadCredentials d9443c01a7336-229785c279csm52101945ad.94 - gsmtp')
2025-04-05 22:33:04,740 - INFO - Fetching stock data...
2025-04-05 22:33:04,740 - INFO - Fetching stock data for AAPL...
2025-04-05 22:33:05,070 - WARNING - No time series data for AAPL
2025-04-05 22:33:05,071 - INFO - Fetching stock data for GOOGL...
2025-04-05 22:33:05,796 - WARNING - No time series data for GOOGL
2025-04-05 22:33:05,796 - INFO - Fetching stock data for MSFT...
2025-04-05 22:33:06,502 - WARNING - No time series data for MSFT
2025-04-05 22:33:06,502 - INFO - Fetching news data...
2025-04-05 22:33:06,502 - INFO - Fetching news data for Apple...
2025-04-05 22:33:06,811 - INFO - Fetching news data for Google...
2025-04-05 22:33:07,877 - INFO - Fetching news data for Microsoft...
2025-04-05 22:33:08,190 - INFO - News sentiment data loaded successfully!
2025-04-05 22:33:08,191 - INFO - Checking for alerts...
2025-04-05 22:33:10,555 - ERROR - Error sending email: (535, b'5.7.8 Username and Password not accepted. For more information, go to\n5.7.8  https://support.google.com/mail/?p=BadCredentials d9443c01a7336-2297866e6a9sm51868135ad.202 - gsmtp')
2025-04-05 22:38:10,562 - INFO - Fetching stock data...
2025-04-05 22:38:10,562 - INFO - Fetching stock data for AAPL...
2025-04-05 22:38:10,935 - WARNING - No time series data for AAPL
2025-04-05 22:38:10,935 - INFO - Fetching stock data for GOOGL...
2025-04-05 22:38:11,229 - WARNING - No time series data for GOOGL
2025-04-05 22:38:11,229 - INFO - Fetching stock data for MSFT...
2025-04-05 22:38:11,613 - WARNING - No time series data for MSFT
2025-04-05 22:38:11,617 - INFO - Fetching news data...
2025-04-05 22:38:11,617 - INFO - Fetching news data for Apple...
2025-04-05 22:38:12,587 - INFO - Fetching news data for Google...
2025-04-05 22:38:13,496 - INFO - Fetching news data for Microsoft...
2025-04-05 22:38:14,468 - INFO - News sentiment data loaded successfully!
2025-04-05 22:38:14,468 - INFO - Checking for alerts...
2025-04-05 22:43:14,551 - INFO - Fetching stock data...
2025-04-05 22:43:14,551 - INFO - Fetching stock data for AAPL...
2025-04-05 22:43:15,350 - WARNING - No time series data for AAPL
2025-04-05 22:43:15,350 - INFO - Fetching stock data for GOOGL...
2025-04-05 22:43:15,635 - WARNING - No time series data for GOOGL
2025-04-05 22:43:15,635 - INFO - Fetching stock data for MSFT...
2025-04-05 22:43:15,944 - WARNING - No time series data for MSFT
2025-04-05 22:43:15,944 - INFO - Fetching news data...
2025-04-05 22:43:15,944 - INFO - Fetching news data for Apple...
2025-04-05 22:43:16,900 - INFO - Fetching news data for Google...
2025-04-05 22:43:17,830 - INFO - Fetching news data for Microsoft...
2025-04-05 22:43:18,790 - INFO - News sentiment data loaded successfully!
2025-04-05 22:43:18,790 - INFO - Checking for alerts...
2025-04-05 22:48:18,855 - INFO - Fetching stock data...
2025-04-05 22:48:18,855 - INFO - Fetching stock data for AAPL...
2025-04-05 22:48:19,527 - WARNING - No time series data for AAPL
2025-04-05 22:48:19,528 - INFO - Fetching stock data for GOOGL...
2025-04-05 22:48:20,340 - WARNING - No time series data for GOOGL
2025-04-05 22:48:20,340 - INFO - Fetching stock data for MSFT...
2025-04-05 22:48:21,003 - WARNING - No time series data for MSFT
2025-04-05 22:48:21,004 - INFO - Fetching news data...
2025-04-05 22:48:21,004 - INFO - Fetching news data for Apple...
2025-04-05 22:48:22,091 - INFO - Fetching news data for Google...
2025-04-05 22:48:22,467 - INFO - Fetching news data for Microsoft...
2025-04-05 22:48:23,465 - INFO - News sentiment data loaded successfully!
2025-04-05 22:48:23,465 - INFO - Checking for alerts...
2025-04-05 22:48:23,507 - INFO - Running predictions...
2025-04-05 22:48:32,063 - WARNING - 5 out of the last 15 calls to <function TensorFlowTrainer.make_predict_function.<locals>.one_step_on_data_distributed at 0x000002493DA12EF0> triggered tf.function retracing. Tracing is expensive and the excessive number of tracings could be due to (1) creating @tf.function repeatedly in a loop, (2) passing tensors with different shapes, (3) passing Python objects instead of tensors. For (1), please define your @tf.function outside of the loop. For (2), @tf.function has reduce_retracing=True option that can avoid unnecessary retracing. For (3), please refer to https://www.tensorflow.org/guide/function#controlling_retracing and https://www.tensorflow.org/api_docs/python/tf/function for  more details.
2025-04-05 22:48:32,341 - INFO - Predictions made for AAPL
2025-04-05 22:48:41,153 - INFO - Predictions made for GOOGL
2025-04-05 22:48:51,834 - INFO - Predictions made for MSFT
2025-04-05 22:48:51,881 - INFO - Predictions saved to database.
2025-04-05 22:48:51,893 - INFO - Predictions completed successfully.
2025-04-05 22:53:51,895 - INFO - Fetching stock data...
2025-04-05 22:53:51,895 - INFO - Fetching stock data for AAPL...
2025-04-05 22:53:52,723 - WARNING - No time series data for AAPL
2025-04-05 22:53:52,726 - INFO - Fetching stock data for GOOGL...
2025-04-05 22:53:53,010 - WARNING - No time series data for GOOGL
2025-04-05 22:53:53,010 - INFO - Fetching stock data for MSFT...
2025-04-05 22:53:53,317 - WARNING - No time series data for MSFT
2025-04-05 22:53:53,317 - INFO - Fetching news data...
2025-04-05 22:53:53,317 - INFO - Fetching news data for Apple...
2025-04-05 22:53:54,308 - INFO - Fetching news data for Google...
2025-04-05 22:53:55,279 - INFO - Fetching news data for Microsoft...
2025-04-05 22:53:56,236 - INFO - News sentiment data loaded successfully!
2025-04-05 22:53:56,236 - INFO - Checking for alerts...
2025-04-05 22:58:56,285 - INFO - Fetching stock data...
2025-04-05 22:58:56,285 - INFO - Fetching stock data for AAPL...
2025-04-05 22:58:56,939 - WARNING - No time series data for AAPL
2025-04-05 22:58:56,939 - INFO - Fetching stock data for GOOGL...
2025-04-05 22:58:57,652 - WARNING - No time series data for GOOGL
2025-04-05 22:58:57,652 - INFO - Fetching stock data for MSFT...
2025-04-05 22:58:57,950 - WARNING - No time series data for MSFT
2025-04-05 22:58:57,950 - INFO - Fetching news data...
2025-04-05 22:58:57,950 - INFO - Fetching news data for Apple...
2025-04-05 22:58:58,872 - INFO - Fetching news data for Google...
2025-04-05 22:58:59,810 - INFO - Fetching news data for Microsoft...
2025-04-05 22:59:00,105 - INFO - News sentiment data loaded successfully!
2025-04-05 22:59:00,105 - INFO - Checking for alerts...
2025-04-05 22:59:02,592 - ERROR - Error sending email: (535, b'5.7.8 Username and Password not accepted. For more information, go to\n5.7.8  https://support.google.com/mail/?p=BadCredentials d9443c01a7336-2297866e1b4sm52492585ad.181 - gsmtp')
2025-04-06 13:10:51,703 - INFO - Fetching stock data...
2025-04-06 13:10:51,703 - INFO - Fetching stock data for AAPL...
2025-04-06 13:10:52,666 - INFO - Fetching stock data for GOOGL...
2025-04-06 13:10:53,184 - INFO - Fetching stock data for MSFT...
2025-04-06 13:10:53,763 - INFO - Stock data loaded successfully!
2025-04-06 13:10:53,764 - INFO - Fetching news data...
2025-04-06 13:10:53,764 - INFO - Fetching news data for Apple...
2025-04-06 13:10:54,730 - INFO - Fetching news data for Google...
2025-04-06 13:10:55,890 - INFO - Fetching news data for Microsoft...
2025-04-06 13:10:56,197 - INFO - News sentiment data loaded successfully!
2025-04-06 13:10:56,198 - INFO - Checking for alerts...
2025-04-06 13:10:58,581 - ERROR - Error sending email: (535, b'5.7.8 Username and Password not accepted. For more information, go to\n5.7.8  https://support.google.com/mail/?p=BadCredentials d2e1a72fcca58-739d97d19dbsm6241952b3a.26 - gsmtp')
2025-04-06 17:06:25,984 - INFO - Fetching stock data...
2025-04-06 17:06:25,984 - INFO - Fetching stock data for AAPL...
2025-04-06 17:06:26,991 - INFO - Fetching stock data for GOOGL...
2025-04-06 17:06:27,932 - INFO - Fetching stock data for MSFT...
2025-04-06 17:06:29,119 - INFO - Stock data loaded successfully!
2025-04-06 17:06:29,120 - INFO - Fetching news data...
2025-04-06 17:06:29,121 - INFO - Fetching news data for Apple...
2025-04-06 17:06:29,441 - INFO - Fetching news data for Google...
2025-04-06 17:06:30,375 - INFO - Fetching news data for Microsoft...
2025-04-06 17:06:31,352 - INFO - News sentiment data loaded successfully!
2025-04-06 17:06:31,353 - INFO - Checking for alerts...
2025-04-06 17:06:33,703 - ERROR - Error sending email: (535, b'5.7.8 Username and Password not accepted. For more information, go to\n5.7.8  https://support.google.com/mail/?p=BadCredentials d9443c01a7336-229785c0148sm62526515ad.82 - gsmtp')
2025-04-06 17:06:35,904 - ERROR - Error sending email: (535, b'5.7.8 Username and Password not accepted. For more information, go to\n5.7.8  https://support.google.com/mail/?p=BadCredentials d2e1a72fcca58-739d97d1a29sm6526040b3a.34 - gsmtp')
2025-04-07 10:33:48,668 - INFO - Fetching stock data...
2025-04-07 10:33:48,709 - INFO - Fetching stock data for AAPL...
2025-04-07 10:33:49,829 - INFO - Fetching stock data for GOOGL...
2025-04-07 10:33:50,512 - INFO - Fetching stock data for MSFT...
2025-04-07 10:33:51,483 - INFO - Stock data loaded successfully!
2025-04-07 10:33:51,487 - INFO - Fetching news data...
2025-04-07 10:33:51,487 - INFO - Fetching news data for Apple...
2025-04-07 10:33:52,250 - INFO - Fetching news data for Google...
2025-04-07 10:33:52,761 - INFO - Fetching news data for Microsoft...
2025-04-07 10:33:53,177 - INFO - News sentiment data loaded successfully!
2025-04-07 10:33:53,178 - INFO - Checking for alerts...
2025-04-07 10:33:56,301 - ERROR - Error sending email: (535, b'5.7.8 Username and Password not accepted. For more information, go to\n5.7.8  https://support.google.com/mail/?p=BadCredentials d2e1a72fcca58-739da0e3745sm7765216b3a.172 - gsmtp')
2025-04-07 10:38:56,306 - INFO - Fetching stock data...
2025-04-07 10:38:56,307 - INFO - Fetching stock data for AAPL...
2025-04-07 10:38:56,912 - INFO - Fetching stock data for GOOGL...
2025-04-07 10:38:57,451 - INFO - Fetching stock data for MSFT...
2025-04-07 10:38:58,057 - INFO - Stock data loaded successfully!
2025-04-07 10:38:58,058 - INFO - Fetching news data...
2025-04-07 10:38:58,058 - INFO - Fetching news data for Apple...
2025-04-07 10:38:58,514 - INFO - Fetching news data for Google...
2025-04-07 10:38:58,910 - INFO - Fetching news data for Microsoft...
2025-04-07 10:39:00,062 - INFO - News sentiment data loaded successfully!
2025-04-07 10:39:00,062 - INFO - Checking for alerts...
2025-04-07 10:39:03,473 - ERROR - Error sending email: (535, b'5.7.8 Username and Password not accepted. For more information, go to\n5.7.8  https://support.google.com/mail/?p=BadCredentials d2e1a72fcca58-739d97ee619sm7780853b3a.52 - gsmtp')
2025-04-07 10:44:03,486 - INFO - Fetching stock data...
2025-04-07 10:44:03,486 - INFO - Fetching stock data for AAPL...
2025-04-07 10:44:04,090 - INFO - Fetching stock data for GOOGL...
2025-04-07 10:44:04,710 - INFO - Fetching stock data for MSFT...
2025-04-07 10:44:05,324 - INFO - Stock data loaded successfully!
2025-04-07 10:44:05,324 - INFO - Fetching news data...
2025-04-07 10:44:05,324 - INFO - Fetching news data for Apple...
2025-04-07 10:44:05,831 - INFO - Fetching news data for Google...
2025-04-07 10:44:06,255 - INFO - Fetching news data for Microsoft...
2025-04-07 10:44:07,513 - INFO - News sentiment data loaded successfully!
2025-04-07 10:44:07,513 - INFO - Checking for alerts...
2025-04-07 10:44:10,746 - ERROR - Error sending email: (535, b'5.7.8 Username and Password not accepted. For more information, go to\n5.7.8  https://support.google.com/mail/?p=BadCredentials d2e1a72fcca58-739d9ea0876sm7515747b3a.117 - gsmtp')
2025-04-07 10:49:10,771 - INFO - Fetching stock data...
2025-04-07 10:49:10,771 - INFO - Fetching stock data for AAPL...
2025-04-07 10:49:11,422 - INFO - Fetching stock data for GOOGL...
2025-04-07 10:49:12,375 - INFO - Fetching stock data for MSFT...
2025-04-07 10:49:13,020 - INFO - Stock data loaded successfully!
2025-04-07 10:49:13,022 - INFO - Fetching news data...
2025-04-07 10:49:13,022 - INFO - Fetching news data for Apple...
2025-04-07 10:49:13,540 - INFO - Fetching news data for Google...
2025-04-07 10:49:14,060 - INFO - Fetching news data for Microsoft...
2025-04-07 10:49:14,593 - INFO - News sentiment data loaded successfully!
2025-04-07 10:49:14,593 - INFO - Checking for alerts...
2025-04-07 10:49:17,841 - ERROR - Error sending email: (535, b'5.7.8 Username and Password not accepted. For more information, go to\n5.7.8  https://support.google.com/mail/?p=BadCredentials d2e1a72fcca58-739d97d1c97sm7819304b3a.19 - gsmtp')
2025-04-07 10:58:39,681 - INFO - Fetching stock data...
2025-04-07 10:58:39,681 - INFO - Fetching stock data for AAPL...
2025-04-07 10:58:40,233 - INFO - Fetching stock data for GOOGL...
2025-04-07 10:58:40,778 - INFO - Fetching stock data for MSFT...
2025-04-07 10:58:41,677 - INFO - Stock data loaded successfully!
2025-04-07 10:58:41,677 - INFO - Fetching news data...
2025-04-07 10:58:41,677 - INFO - Fetching news data for Apple...
2025-04-07 10:58:42,897 - INFO - Fetching news data for Google...
2025-04-07 10:58:43,297 - INFO - Fetching news data for Microsoft...
2025-04-07 10:58:43,855 - INFO - News sentiment data loaded successfully!
2025-04-07 10:58:43,855 - INFO - Checking for alerts...
2025-04-07 10:58:46,798 - ERROR - Error sending email: (535, b'5.7.8 Username and Password not accepted. For more information, go to\n5.7.8  https://support.google.com/mail/?p=BadCredentials d2e1a72fcca58-739d97d32b2sm7593240b3a.5 - gsmtp')
2025-04-07 11:02:20,298 - INFO - Fetching stock data...
2025-04-07 11:02:20,298 - INFO - Fetching stock data for AAPL...
2025-04-07 11:02:20,835 - INFO - Fetching stock data for GOOGL...
2025-04-07 11:02:21,370 - INFO - Fetching stock data for MSFT...
2025-04-07 11:02:22,618 - INFO - Stock data loaded successfully!
2025-04-07 11:02:22,618 - INFO - Fetching news data...
2025-04-07 11:02:22,618 - INFO - Fetching news data for Apple...
2025-04-07 11:02:23,076 - INFO - Fetching news data for Google...
2025-04-07 11:02:24,397 - INFO - Fetching news data for Microsoft...
2025-04-07 11:02:25,645 - INFO - News sentiment data loaded successfully!
2025-04-07 11:02:25,645 - INFO - Checking for alerts...
2025-04-07 11:02:29,606 - ERROR - Error sending email: (535, b'5.7.8 Username and Password not accepted. For more information, go to\n5.7.8  https://support.google.com/mail/?p=BadCredentials d9443c01a7336-2297877659asm72408845ad.250 - gsmtp')
2025-04-07 11:03:46,813 - INFO - Fetching stock data...
2025-04-07 11:03:46,815 - INFO - Fetching stock data for AAPL...
2025-04-07 11:03:47,548 - INFO - Fetching stock data for GOOGL...
2025-04-07 11:03:48,570 - INFO - Fetching stock data for MSFT...
2025-04-07 11:03:49,212 - INFO - Stock data loaded successfully!
2025-04-07 11:03:49,212 - INFO - Fetching news data...
2025-04-07 11:03:49,212 - INFO - Fetching news data for Apple...
2025-04-07 11:03:50,375 - INFO - Fetching news data for Google...
2025-04-07 11:03:50,820 - INFO - Fetching news data for Microsoft...
2025-04-07 11:03:51,363 - INFO - News sentiment data loaded successfully!
2025-04-07 11:03:51,363 - INFO - Checking for alerts...
2025-04-07 11:07:29,615 - INFO - Fetching stock data...
2025-04-07 11:07:29,616 - INFO - Fetching stock data for AAPL...
2025-04-07 11:07:30,262 - INFO - Fetching stock data for GOOGL...
2025-04-07 11:07:30,879 - INFO - Fetching stock data for MSFT...
2025-04-07 11:07:32,055 - INFO - Stock data loaded successfully!
2025-04-07 11:07:32,055 - INFO - Fetching news data...
2025-04-07 11:07:32,055 - INFO - Fetching news data for Apple...
2025-04-07 11:07:32,513 - INFO - Fetching news data for Google...
2025-04-07 11:07:33,670 - INFO - Fetching news data for Microsoft...
2025-04-07 11:07:34,824 - INFO - News sentiment data loaded successfully!
2025-04-07 11:07:34,824 - INFO - Checking for alerts...
2025-04-07 11:08:51,591 - INFO - Fetching stock data...
2025-04-07 11:08:51,591 - INFO - Fetching stock data for AAPL...
2025-04-07 11:08:52,195 - INFO - Fetching stock data for GOOGL...
2025-04-07 11:08:52,804 - INFO - Fetching stock data for MSFT...
2025-04-07 11:08:53,125 - WARNING - No time series data for MSFT
2025-04-07 11:08:53,190 - INFO - Stock data loaded successfully!
2025-04-07 11:08:53,190 - INFO - Fetching news data...
2025-04-07 11:08:53,190 - INFO - Fetching news data for Apple...
2025-04-07 11:08:54,841 - INFO - Fetching news data for Google...
2025-04-07 11:08:55,268 - INFO - Fetching news data for Microsoft...
2025-04-07 11:08:56,424 - INFO - News sentiment data loaded successfully!
2025-04-07 11:08:56,424 - INFO - Checking for alerts...
2025-04-07 11:12:15,235 - INFO - Fetching stock data...
2025-04-07 11:12:15,237 - INFO - Fetching stock data for AAPL...
2025-04-07 11:12:15,653 - WARNING - No time series data for AAPL
2025-04-07 11:12:15,654 - INFO - Fetching stock data for GOOGL...
2025-04-07 11:12:15,958 - WARNING - No time series data for GOOGL
2025-04-07 11:12:15,962 - INFO - Fetching stock data for MSFT...
2025-04-07 11:12:16,373 - WARNING - No time series data for MSFT
2025-04-07 11:12:16,373 - INFO - Fetching news data...
2025-04-07 11:12:16,373 - INFO - Fetching news data for Apple...
2025-04-07 11:12:18,317 - INFO - Fetching news data for Google...
2025-04-07 11:12:18,729 - INFO - Fetching news data for Microsoft...
2025-04-07 11:12:19,501 - INFO - News sentiment data loaded successfully!
2025-04-07 11:12:19,501 - INFO - Checking for alerts...
2025-04-07 11:13:56,568 - INFO - Fetching stock data...
2025-04-07 11:13:56,568 - INFO - Fetching stock data for AAPL...
2025-04-07 11:13:57,252 - WARNING - No time series data for AAPL
2025-04-07 11:13:57,252 - INFO - Fetching stock data for GOOGL...
2025-04-07 11:13:57,547 - WARNING - No time series data for GOOGL
2025-04-07 11:13:57,547 - INFO - Fetching stock data for MSFT...
2025-04-07 11:13:57,849 - WARNING - No time series data for MSFT
2025-04-07 11:13:57,864 - INFO - Fetching news data...
2025-04-07 11:13:57,864 - INFO - Fetching news data for Apple...
2025-04-07 11:13:59,078 - INFO - Fetching news data for Google...
2025-04-07 11:13:59,466 - INFO - Fetching news data for Microsoft...
2025-04-07 11:13:59,931 - INFO - News sentiment data loaded successfully!
2025-04-07 11:13:59,931 - INFO - Checking for alerts...
2025-04-07 11:14:00,037 - INFO - Running predictions...
2025-04-07 11:14:24,370 - INFO - Predictions made for AAPL
2025-04-07 11:14:47,883 - INFO - Predictions made for GOOGL
2025-04-07 11:15:07,252 - INFO - Predictions made for MSFT
2025-04-07 11:15:07,415 - INFO - Predictions saved to database.
2025-04-07 11:15:07,416 - INFO - Predictions completed successfully.
2025-04-07 11:19:21,920 - INFO - Fetching stock data...
2025-04-07 11:19:21,920 - INFO - Fetching stock data for AAPL...
2025-04-07 11:19:22,772 - WARNING - No time series data for AAPL
2025-04-07 11:19:22,772 - INFO - Fetching stock data for GOOGL...
2025-04-07 11:19:23,186 - WARNING - No time series data for GOOGL
2025-04-07 11:19:23,186 - INFO - Fetching stock data for MSFT...
2025-04-07 11:19:23,604 - WARNING - No time series data for MSFT
2025-04-07 11:19:23,604 - INFO - Fetching news data...
2025-04-07 11:19:23,604 - INFO - Fetching news data for Apple...
2025-04-07 11:19:24,407 - INFO - Fetching news data for Google...
2025-04-07 11:19:25,534 - INFO - Fetching news data for Microsoft...
2025-04-07 11:19:26,790 - INFO - News sentiment data loaded successfully!
2025-04-07 11:19:26,790 - INFO - Checking for alerts...
2025-04-07 11:19:31,877 - INFO - Email sent: Sentiment Alert: Negative Sentiment for Google
2025-04-07 11:22:09,391 - INFO - Fetching stock data...
2025-04-07 11:22:09,392 - INFO - Fetching stock data for AAPL...
2025-04-07 11:22:10,193 - WARNING - No time series data for AAPL
2025-04-07 11:22:10,193 - INFO - Fetching stock data for GOOGL...
2025-04-07 11:22:10,500 - WARNING - No time series data for GOOGL
2025-04-07 11:22:10,500 - INFO - Fetching stock data for MSFT...
2025-04-07 11:22:11,321 - WARNING - No time series data for MSFT
2025-04-07 11:22:11,322 - INFO - Fetching news data...
2025-04-07 11:22:11,323 - INFO - Fetching news data for Apple...
2025-04-07 11:22:11,833 - INFO - Fetching news data for Google...
2025-04-07 11:22:12,243 - INFO - Fetching news data for Microsoft...
2025-04-07 11:22:13,416 - INFO - News sentiment data loaded successfully!
2025-04-07 11:22:13,416 - INFO - Checking for alerts...
2025-04-07 11:22:16,539 - ERROR - Error sending email: (535, b'5.7.8 Username and Password not accepted. For more information, go to\n5.7.8  https://support.google.com/mail/?p=BadCredentials 41be03b00d2f7-af9bc351371sm6527345a12.40 - gsmtp')
2025-04-07 11:24:31,890 - INFO - Fetching stock data...
2025-04-07 11:24:31,891 - INFO - Fetching stock data for AAPL...
2025-04-07 11:24:32,334 - WARNING - No time series data for AAPL
2025-04-07 11:24:32,334 - INFO - Fetching stock data for GOOGL...
2025-04-07 11:24:32,651 - WARNING - No time series data for GOOGL
2025-04-07 11:24:32,651 - INFO - Fetching stock data for MSFT...
2025-04-07 11:24:32,949 - WARNING - No time series data for MSFT
2025-04-07 11:24:32,951 - INFO - Fetching news data...
2025-04-07 11:24:32,952 - INFO - Fetching news data for Apple...
2025-04-07 11:24:33,460 - INFO - Fetching news data for Google...
2025-04-07 11:24:34,604 - INFO - Fetching news data for Microsoft...
2025-04-07 11:24:34,997 - INFO - News sentiment data loaded successfully!
2025-04-07 11:24:34,999 - INFO - Checking for alerts...
2025-04-07 11:24:38,806 - INFO - Email sent: Sentiment Alert: Positive Sentiment for Google
2025-04-07 11:27:16,548 - INFO - Fetching stock data...
2025-04-07 11:27:16,548 - INFO - Fetching stock data for AAPL...
2025-04-07 11:27:16,899 - WARNING - No time series data for AAPL
2025-04-07 11:27:16,900 - INFO - Fetching stock data for GOOGL...
2025-04-07 11:27:17,709 - WARNING - No time series data for GOOGL
2025-04-07 11:27:17,709 - INFO - Fetching stock data for MSFT...
2025-04-07 11:27:18,016 - WARNING - No time series data for MSFT
2025-04-07 11:27:18,016 - INFO - Fetching news data...
2025-04-07 11:27:18,016 - INFO - Fetching news data for Apple...
2025-04-07 11:27:19,149 - INFO - Fetching news data for Google...
2025-04-07 11:27:19,490 - INFO - Fetching news data for Microsoft...
2025-04-07 11:27:19,862 - INFO - News sentiment data loaded successfully!
2025-04-07 11:27:19,862 - INFO - Checking for alerts...
2025-04-07 11:27:23,015 - ERROR - Error sending email: (535, b'5.7.8 Username and Password not accepted. For more information, go to\n5.7.8  https://support.google.com/mail/?p=BadCredentials d2e1a72fcca58-739d97d1881sm7644470b3a.3 - gsmtp')
2025-04-07 11:29:38,821 - INFO - Fetching stock data...
2025-04-07 11:29:38,833 - INFO - Fetching stock data for AAPL...
2025-04-07 11:29:39,347 - WARNING - No time series data for AAPL
2025-04-07 11:29:39,347 - INFO - Fetching stock data for GOOGL...
2025-04-07 11:29:40,171 - WARNING - No time series data for GOOGL
2025-04-07 11:29:40,171 - INFO - Fetching stock data for MSFT...
2025-04-07 11:29:40,872 - WARNING - No time series data for MSFT
2025-04-07 11:29:40,872 - INFO - Fetching news data...
2025-04-07 11:29:40,872 - INFO - Fetching news data for Apple...
2025-04-07 11:29:41,394 - INFO - Fetching news data for Google...
2025-04-07 11:29:42,620 - INFO - Fetching news data for Microsoft...
2025-04-07 11:29:44,105 - INFO - News sentiment data loaded successfully!
2025-04-07 11:29:44,121 - INFO - Checking for alerts...
2025-04-07 11:29:47,732 - INFO - Email sent: Sentiment Alert: Positive Sentiment for Apple
2025-04-07 11:29:52,031 - INFO - Email sent: Sentiment Alert: Positive Sentiment for Google
2025-04-07 11:32:23,032 - INFO - Fetching stock data...
2025-04-07 11:32:23,046 - INFO - Fetching stock data for AAPL...
2025-04-07 11:32:23,767 - WARNING - No time series data for AAPL
2025-04-07 11:32:23,767 - INFO - Fetching stock data for GOOGL...
2025-04-07 11:32:24,055 - WARNING - No time series data for GOOGL
2025-04-07 11:32:24,055 - INFO - Fetching stock data for MSFT...
2025-04-07 11:32:24,706 - WARNING - No time series data for MSFT
2025-04-07 11:32:24,706 - INFO - Fetching news data...
2025-04-07 11:32:24,706 - INFO - Fetching news data for Apple...
2025-04-07 11:32:25,790 - INFO - Fetching news data for Google...
2025-04-07 11:32:26,147 - INFO - Fetching news data for Microsoft...
2025-04-07 11:32:26,601 - INFO - News sentiment data loaded successfully!
2025-04-07 11:32:26,601 - INFO - Checking for alerts...
2025-04-07 11:32:29,370 - ERROR - Error sending email: (535, b'5.7.8 Username and Password not accepted. For more information, go to\n5.7.8  https://support.google.com/mail/?p=BadCredentials d9443c01a7336-229785ad83esm72972865ad.20 - gsmtp')
2025-04-07 11:32:31,950 - ERROR - Error sending email: (535, b'5.7.8 Username and Password not accepted. For more information, go to\n5.7.8  https://support.google.com/mail/?p=BadCredentials d2e1a72fcca58-739d97f36besm7623529b3a.72 - gsmtp')
2025-04-07 11:34:52,049 - INFO - Fetching stock data...
2025-04-07 11:34:52,049 - INFO - Fetching stock data for AAPL...
2025-04-07 11:34:52,614 - WARNING - No time series data for AAPL
2025-04-07 11:34:52,614 - INFO - Fetching stock data for GOOGL...
2025-04-07 11:34:53,310 - WARNING - No time series data for GOOGL
2025-04-07 11:34:53,310 - INFO - Fetching stock data for MSFT...
2025-04-07 11:34:53,567 - WARNING - No time series data for MSFT
2025-04-07 11:34:53,567 - INFO - Fetching news data...
2025-04-07 11:34:53,567 - INFO - Fetching news data for Apple...
2025-04-07 11:34:54,264 - INFO - Fetching news data for Google...
2025-04-07 11:34:54,663 - INFO - Fetching news data for Microsoft...
2025-04-07 11:34:55,050 - INFO - News sentiment data loaded successfully!
2025-04-07 11:34:55,050 - INFO - Checking for alerts...
2025-04-07 11:57:53,985 - INFO - Fetching stock data...
2025-04-07 11:57:53,985 - INFO - Fetching stock data for AAPL...
2025-04-07 11:57:54,379 - WARNING - No time series data for AAPL
2025-04-07 11:57:54,379 - INFO - Fetching stock data for GOOGL...
2025-04-07 11:57:55,214 - WARNING - No time series data for GOOGL
2025-04-07 11:57:55,214 - INFO - Fetching stock data for MSFT...
2025-04-07 11:57:55,626 - WARNING - No time series data for MSFT
2025-04-07 11:57:55,626 - INFO - Fetching news data...
2025-04-07 11:57:55,626 - INFO - Fetching news data for Apple...
2025-04-07 11:57:56,857 - INFO - Fetching news data for Google...
2025-04-07 11:57:57,266 - INFO - Fetching news data for Microsoft...
2025-04-07 11:57:58,528 - INFO - News sentiment data loaded successfully!
2025-04-07 11:57:58,528 - INFO - Checking for alerts...
2025-04-07 12:00:17,099 - INFO - Fetching stock data...
2025-04-07 12:00:17,099 - INFO - Fetching stock data for AAPL...
2025-04-07 12:00:17,923 - WARNING - No time series data for AAPL
2025-04-07 12:00:17,923 - INFO - Fetching stock data for GOOGL...
2025-04-07 12:00:18,721 - WARNING - No time series data for GOOGL
2025-04-07 12:00:18,723 - INFO - Fetching stock data for MSFT...
2025-04-07 12:00:19,289 - WARNING - No time series data for MSFT
2025-04-07 12:00:19,289 - INFO - Fetching news data...
2025-04-07 12:00:19,289 - INFO - Fetching news data for Apple...
2025-04-07 12:00:19,731 - INFO - Fetching news data for Google...
2025-04-07 12:00:20,207 - INFO - Fetching news data for Microsoft...
2025-04-07 12:00:20,656 - INFO - News sentiment data loaded successfully!
2025-04-07 12:00:20,658 - INFO - Checking for alerts...
2025-04-07 12:02:58,662 - INFO - Fetching stock data...
2025-04-07 12:02:58,663 - INFO - Fetching stock data for AAPL...
2025-04-07 12:02:59,129 - WARNING - No time series data for AAPL
2025-04-07 12:02:59,129 - INFO - Fetching stock data for GOOGL...
2025-04-07 12:02:59,851 - WARNING - No time series data for GOOGL
2025-04-07 12:02:59,851 - INFO - Fetching stock data for MSFT...
2025-04-07 12:03:00,565 - WARNING - No time series data for MSFT
2025-04-07 12:03:00,565 - INFO - Fetching news data...
2025-04-07 12:03:00,566 - INFO - Fetching news data for Apple...
2025-04-07 12:03:01,099 - INFO - Fetching news data for Google...
2025-04-07 12:03:01,495 - INFO - Fetching news data for Microsoft...
2025-04-07 12:03:02,149 - INFO - News sentiment data loaded successfully!
2025-04-07 12:03:02,152 - INFO - Checking for alerts...
2025-04-07 12:05:20,770 - INFO - Fetching stock data...
2025-04-07 12:05:20,771 - INFO - Fetching stock data for AAPL...
2025-04-07 12:05:21,465 - WARNING - No time series data for AAPL
2025-04-07 12:05:21,465 - INFO - Fetching stock data for GOOGL...
2025-04-07 12:05:22,284 - WARNING - No time series data for GOOGL
2025-04-07 12:05:22,284 - INFO - Fetching stock data for MSFT...
2025-04-07 12:05:22,702 - WARNING - No time series data for MSFT
2025-04-07 12:05:22,703 - INFO - Fetching news data...
2025-04-07 12:05:22,703 - INFO - Fetching news data for Apple...
2025-04-07 12:05:23,110 - INFO - Fetching news data for Google...
2025-04-07 12:05:23,617 - INFO - Fetching news data for Microsoft...
2025-04-07 12:05:24,083 - INFO - News sentiment data loaded successfully!
2025-04-07 12:05:24,083 - INFO - Checking for alerts...
2025-04-07 12:08:02,304 - INFO - Fetching stock data...
2025-04-07 12:08:02,305 - INFO - Fetching stock data for AAPL...
2025-04-07 12:08:03,038 - WARNING - No time series data for AAPL
2025-04-07 12:08:03,038 - INFO - Fetching stock data for GOOGL...
2025-04-07 12:08:03,875 - WARNING - No time series data for GOOGL
2025-04-07 12:08:03,875 - INFO - Fetching stock data for MSFT...
2025-04-07 12:08:04,184 - WARNING - No time series data for MSFT
2025-04-07 12:08:04,185 - INFO - Fetching news data...
2025-04-07 12:08:04,185 - INFO - Fetching news data for Apple...
2025-04-07 12:08:05,314 - INFO - Fetching news data for Google...
2025-04-07 12:08:06,553 - INFO - Fetching news data for Microsoft...
2025-04-07 12:08:06,973 - INFO - News sentiment data loaded successfully!
2025-04-07 12:08:06,973 - INFO - Checking for alerts...
2025-04-07 12:10:24,218 - INFO - Fetching stock data...
2025-04-07 12:10:24,218 - INFO - Fetching stock data for AAPL...
2025-04-07 12:10:24,537 - WARNING - No time series data for AAPL
2025-04-07 12:10:24,537 - INFO - Fetching stock data for GOOGL...
2025-04-07 12:10:24,879 - WARNING - No time series data for GOOGL
2025-04-07 12:10:24,879 - INFO - Fetching stock data for MSFT...
2025-04-07 12:10:25,193 - WARNING - No time series data for MSFT
2025-04-07 12:10:25,193 - INFO - Fetching news data...
2025-04-07 12:10:25,193 - INFO - Fetching news data for Apple...
2025-04-07 12:10:25,604 - INFO - Fetching news data for Google...
2025-04-07 12:10:26,010 - INFO - Fetching news data for Microsoft...
2025-04-07 12:10:26,397 - INFO - News sentiment data loaded successfully!
2025-04-07 12:10:26,397 - INFO - Checking for alerts...
2025-04-07 12:13:07,120 - INFO - Fetching stock data...
2025-04-07 12:13:07,120 - INFO - Fetching stock data for AAPL...
2025-04-07 12:13:07,601 - WARNING - No time series data for AAPL
2025-04-07 12:13:07,617 - INFO - Fetching stock data for GOOGL...
2025-04-07 12:13:08,007 - WARNING - No time series data for GOOGL
2025-04-07 12:13:08,007 - INFO - Fetching stock data for MSFT...
2025-04-07 12:13:08,692 - WARNING - No time series data for MSFT
2025-04-07 12:13:08,692 - INFO - Fetching news data...
2025-04-07 12:13:08,692 - INFO - Fetching news data for Apple...
2025-04-07 12:13:09,953 - INFO - Fetching news data for Google...
2025-04-07 12:13:10,374 - INFO - Fetching news data for Microsoft...
2025-04-07 12:13:10,913 - INFO - News sentiment data loaded successfully!
2025-04-07 12:13:10,913 - INFO - Checking for alerts...
2025-04-07 12:15:26,530 - INFO - Fetching stock data...
2025-04-07 12:15:26,530 - INFO - Fetching stock data for AAPL...
2025-04-07 12:15:26,964 - WARNING - No time series data for AAPL
2025-04-07 12:15:26,964 - INFO - Fetching stock data for GOOGL...
2025-04-07 12:15:27,231 - WARNING - No time series data for GOOGL
2025-04-07 12:15:27,231 - INFO - Fetching stock data for MSFT...
2025-04-07 12:15:28,194 - WARNING - No time series data for MSFT
2025-04-07 12:15:28,194 - INFO - Fetching news data...
2025-04-07 12:15:28,194 - INFO - Fetching news data for Apple...
2025-04-07 12:15:28,595 - INFO - Fetching news data for Google...
2025-04-07 12:15:29,745 - INFO - Fetching news data for Microsoft...
2025-04-07 12:15:30,135 - INFO - News sentiment data loaded successfully!
2025-04-07 12:15:30,135 - INFO - Checking for alerts...
2025-04-07 12:18:11,095 - INFO - Fetching stock data...
2025-04-07 12:18:11,096 - INFO - Fetching stock data for AAPL...
2025-04-07 12:18:11,884 - WARNING - No time series data for AAPL
2025-04-07 12:18:11,884 - INFO - Fetching stock data for GOOGL...
2025-04-07 12:18:12,167 - WARNING - No time series data for GOOGL
2025-04-07 12:18:12,167 - INFO - Fetching stock data for MSFT...
2025-04-07 12:18:12,457 - WARNING - No time series data for MSFT
2025-04-07 12:18:12,457 - INFO - Fetching news data...
2025-04-07 12:18:12,457 - INFO - Fetching news data for Apple...
2025-04-07 12:18:12,963 - INFO - Fetching news data for Google...
2025-04-07 12:18:13,380 - INFO - Fetching news data for Microsoft...
2025-04-07 12:18:13,770 - INFO - News sentiment data loaded successfully!
2025-04-07 12:18:13,772 - INFO - Checking for alerts...
2025-04-07 12:20:30,241 - INFO - Fetching stock data...
2025-04-07 12:20:30,241 - INFO - Fetching stock data for AAPL...
2025-04-07 12:20:30,592 - WARNING - No time series data for AAPL
2025-04-07 12:20:30,592 - INFO - Fetching stock data for GOOGL...
2025-04-07 12:20:31,270 - WARNING - No time series data for GOOGL
2025-04-07 12:20:31,270 - INFO - Fetching stock data for MSFT...
2025-04-07 12:20:31,576 - WARNING - No time series data for MSFT
2025-04-07 12:20:31,577 - INFO - Fetching news data...
2025-04-07 12:20:31,577 - INFO - Fetching news data for Apple...
2025-04-07 12:20:32,944 - INFO - Fetching news data for Google...
2025-04-07 12:20:34,185 - INFO - Fetching news data for Microsoft...
2025-04-07 12:20:34,643 - INFO - News sentiment data loaded successfully!
2025-04-07 12:20:34,648 - INFO - Checking for alerts...
2025-04-07 12:23:13,925 - INFO - Fetching stock data...
2025-04-07 12:23:13,925 - INFO - Fetching stock data for AAPL...
2025-04-07 12:23:14,733 - WARNING - No time series data for AAPL
2025-04-07 12:23:14,733 - INFO - Fetching stock data for GOOGL...
2025-04-07 12:23:15,039 - WARNING - No time series data for GOOGL
2025-04-07 12:23:15,039 - INFO - Fetching stock data for MSFT...
2025-04-07 12:23:15,310 - WARNING - No time series data for MSFT
2025-04-07 12:23:15,310 - INFO - Fetching news data...
2025-04-07 12:23:15,310 - INFO - Fetching news data for Apple...
2025-04-07 12:23:15,763 - INFO - Fetching news data for Google...
2025-04-07 12:23:16,174 - INFO - Fetching news data for Microsoft...
2025-04-07 12:23:16,596 - INFO - News sentiment data loaded successfully!
2025-04-07 12:23:16,598 - INFO - Checking for alerts...
2025-04-07 12:25:34,788 - INFO - Fetching stock data...
2025-04-07 12:25:34,788 - INFO - Fetching stock data for AAPL...
2025-04-07 12:25:35,246 - WARNING - No time series data for AAPL
2025-04-07 12:25:35,246 - INFO - Fetching stock data for GOOGL...
2025-04-07 12:25:36,047 - WARNING - No time series data for GOOGL
2025-04-07 12:25:36,049 - INFO - Fetching stock data for MSFT...
2025-04-07 12:25:36,672 - WARNING - No time series data for MSFT
2025-04-07 12:25:36,672 - INFO - Fetching news data...
2025-04-07 12:25:36,672 - INFO - Fetching news data for Apple...
2025-04-07 12:25:37,179 - INFO - Fetching news data for Google...
2025-04-07 12:25:38,403 - INFO - Fetching news data for Microsoft...
2025-04-07 12:25:38,860 - INFO - News sentiment data loaded successfully!
2025-04-07 12:25:38,860 - INFO - Checking for alerts...
2025-04-07 12:28:16,751 - INFO - Fetching stock data...
2025-04-07 12:28:16,751 - INFO - Fetching stock data for AAPL...
2025-04-07 12:28:17,141 - WARNING - No time series data for AAPL
2025-04-07 12:28:17,141 - INFO - Fetching stock data for GOOGL...
2025-04-07 12:28:17,535 - WARNING - No time series data for GOOGL
2025-04-07 12:28:17,536 - INFO - Fetching stock data for MSFT...
2025-04-07 12:28:17,847 - WARNING - No time series data for MSFT
2025-04-07 12:28:17,849 - INFO - Fetching news data...
2025-04-07 12:28:17,849 - INFO - Fetching news data for Apple...
2025-04-07 12:28:19,026 - INFO - Fetching news data for Google...
2025-04-07 12:28:19,482 - INFO - Fetching news data for Microsoft...
2025-04-07 12:28:19,908 - INFO - News sentiment data loaded successfully!
2025-04-07 12:28:19,908 - INFO - Checking for alerts...
2025-04-07 12:30:38,962 - INFO - Fetching stock data...
2025-04-07 12:30:38,963 - INFO - Fetching stock data for AAPL...
2025-04-07 12:30:39,679 - WARNING - No time series data for AAPL
2025-04-07 12:30:39,679 - INFO - Fetching stock data for GOOGL...
2025-04-07 12:30:40,496 - WARNING - No time series data for GOOGL
2025-04-07 12:30:40,496 - INFO - Fetching stock data for MSFT...
2025-04-07 12:30:41,209 - WARNING - No time series data for MSFT
2025-04-07 12:30:41,209 - INFO - Fetching news data...
2025-04-07 12:30:41,209 - INFO - Fetching news data for Apple...
2025-04-07 12:30:41,612 - INFO - Fetching news data for Google...
2025-04-07 12:30:42,024 - INFO - Fetching news data for Microsoft...
2025-04-07 12:30:42,592 - INFO - News sentiment data loaded successfully!
2025-04-07 12:30:42,592 - INFO - Checking for alerts...
2025-04-07 12:30:42,711 - INFO - Running predictions...
2025-04-07 12:31:15,075 - INFO - Predictions made for AAPL
2025-04-07 12:31:37,469 - INFO - Predictions made for GOOGL
2025-04-07 12:32:02,294 - INFO - Predictions made for MSFT
2025-04-07 12:32:02,447 - INFO - Predictions saved to database.
2025-04-07 12:32:02,447 - INFO - Predictions completed successfully.
2025-04-07 12:33:20,075 - INFO - Fetching stock data...
2025-04-07 12:33:20,075 - INFO - Fetching stock data for AAPL...
2025-04-07 12:33:20,480 - WARNING - No time series data for AAPL
2025-04-07 12:33:20,480 - INFO - Fetching stock data for GOOGL...
2025-04-07 12:33:20,831 - WARNING - No time series data for GOOGL
2025-04-07 12:33:20,840 - INFO - Fetching stock data for MSFT...
2025-04-07 12:33:21,486 - WARNING - No time series data for MSFT
2025-04-07 12:33:21,486 - INFO - Fetching news data...
2025-04-07 12:33:21,486 - INFO - Fetching news data for Apple...
2025-04-07 12:33:24,280 - INFO - Fetching news data for Google...
2025-04-07 12:33:25,403 - INFO - Fetching news data for Microsoft...
2025-04-07 12:33:25,813 - INFO - News sentiment data loaded successfully!
2025-04-07 12:33:25,813 - INFO - Checking for alerts...
2025-04-07 12:37:02,450 - INFO - Fetching stock data...
2025-04-07 12:37:02,450 - INFO - Fetching stock data for AAPL...
2025-04-07 12:37:03,469 - WARNING - No time series data for AAPL
2025-04-07 12:37:03,469 - INFO - Fetching stock data for GOOGL...
2025-04-07 12:37:04,184 - WARNING - No time series data for GOOGL
2025-04-07 12:37:04,184 - INFO - Fetching stock data for MSFT...
2025-04-07 12:37:05,004 - WARNING - No time series data for MSFT
2025-04-07 12:37:05,005 - INFO - Fetching news data...
2025-04-07 12:37:05,005 - INFO - Fetching news data for Apple...
2025-04-07 12:37:05,722 - INFO - Fetching news data for Google...
2025-04-07 12:37:06,125 - INFO - Fetching news data for Microsoft...
2025-04-07 12:37:06,554 - INFO - News sentiment data loaded successfully!
2025-04-07 12:37:06,555 - INFO - Checking for alerts...
2025-04-07 12:38:25,968 - INFO - Fetching stock data...
2025-04-07 12:38:25,968 - INFO - Fetching stock data for AAPL...
2025-04-07 12:38:26,717 - WARNING - No time series data for AAPL
2025-04-07 12:38:26,717 - INFO - Fetching stock data for GOOGL...
2025-04-07 12:38:27,376 - WARNING - No time series data for GOOGL
2025-04-07 12:38:27,376 - INFO - Fetching stock data for MSFT...
2025-04-07 12:38:27,744 - WARNING - No time series data for MSFT
2025-04-07 12:38:27,744 - INFO - Fetching news data...
2025-04-07 12:38:27,744 - INFO - Fetching news data for Apple...
2025-04-07 12:38:28,260 - INFO - Fetching news data for Google...
2025-04-07 12:38:28,685 - INFO - Fetching news data for Microsoft...
2025-04-07 12:38:29,142 - INFO - News sentiment data loaded successfully!
2025-04-07 12:38:29,142 - INFO - Checking for alerts...
2025-04-07 12:38:29,250 - INFO - Running predictions...
2025-04-07 12:38:55,163 - INFO - Predictions made for AAPL
2025-04-07 12:39:21,309 - INFO - Predictions made for GOOGL
2025-04-07 12:39:43,807 - INFO - Predictions made for MSFT
2025-04-07 12:39:43,924 - INFO - Predictions saved to database.
2025-04-07 12:39:43,929 - INFO - Predictions completed successfully.
2025-04-07 12:40:40,010 - INFO - Predictions made for AAPL
2025-04-07 12:41:03,483 - INFO - Predictions made for GOOGL
2025-04-07 12:41:24,777 - INFO - Predictions made for MSFT
2025-04-07 12:41:25,106 - INFO - Predictions saved to database.
2025-04-07 12:42:06,671 - INFO - Fetching stock data...
2025-04-07 12:42:06,671 - INFO - Fetching stock data for AAPL...
2025-04-07 12:42:07,062 - WARNING - No time series data for AAPL
2025-04-07 12:42:07,062 - INFO - Fetching stock data for GOOGL...
2025-04-07 12:42:07,778 - WARNING - No time series data for GOOGL
2025-04-07 12:42:07,778 - INFO - Fetching stock data for MSFT...
2025-04-07 12:42:08,299 - WARNING - No time series data for MSFT
2025-04-07 12:42:08,299 - INFO - Fetching news data...
2025-04-07 12:42:08,299 - INFO - Fetching news data for Apple...
2025-04-07 12:42:09,538 - INFO - Fetching news data for Google...
2025-04-07 12:42:09,897 - INFO - Fetching news data for Microsoft...
2025-04-07 12:42:10,506 - INFO - News sentiment data loaded successfully!
2025-04-07 12:42:10,514 - INFO - Checking for alerts...
2025-04-07 12:44:43,944 - INFO - Fetching stock data...
2025-04-07 12:44:43,944 - INFO - Fetching stock data for AAPL...
2025-04-07 12:44:44,351 - WARNING - No time series data for AAPL
2025-04-07 12:44:44,351 - INFO - Fetching stock data for GOOGL...
2025-04-07 12:44:44,772 - WARNING - No time series data for GOOGL
2025-04-07 12:44:44,772 - INFO - Fetching stock data for MSFT...
2025-04-07 12:44:45,159 - WARNING - No time series data for MSFT
2025-04-07 12:44:45,169 - INFO - Fetching news data...
2025-04-07 12:44:45,169 - INFO - Fetching news data for Apple...
2025-04-07 12:44:46,708 - INFO - Fetching news data for Google...
2025-04-07 12:44:47,116 - INFO - Fetching news data for Microsoft...
2025-04-07 12:44:48,598 - INFO - News sentiment data loaded successfully!
2025-04-07 12:44:48,598 - INFO - Checking for alerts...
2025-04-07 12:47:10,678 - INFO - Fetching stock data...
2025-04-07 12:47:10,678 - INFO - Fetching stock data for AAPL...
2025-04-07 12:47:10,960 - WARNING - No time series data for AAPL
2025-04-07 12:47:10,960 - INFO - Fetching stock data for GOOGL...
2025-04-07 12:47:11,901 - WARNING - No time series data for GOOGL
2025-04-07 12:47:11,901 - INFO - Fetching stock data for MSFT...
2025-04-07 12:47:12,626 - WARNING - No time series data for MSFT
2025-04-07 12:47:12,627 - INFO - Fetching news data...
2025-04-07 12:47:12,627 - INFO - Fetching news data for Apple...
2025-04-07 12:47:14,063 - INFO - Fetching news data for Google...
2025-04-07 12:47:14,470 - INFO - Fetching news data for Microsoft...
2025-04-07 12:47:15,741 - INFO - News sentiment data loaded successfully!
2025-04-07 12:47:15,741 - INFO - Checking for alerts...
2025-04-07 12:49:48,730 - INFO - Fetching stock data...
2025-04-07 12:49:48,731 - INFO - Fetching stock data for AAPL...
2025-04-07 12:49:49,453 - WARNING - No time series data for AAPL
2025-04-07 12:49:49,454 - INFO - Fetching stock data for GOOGL...
2025-04-07 12:49:50,210 - WARNING - No time series data for GOOGL
2025-04-07 12:49:50,210 - INFO - Fetching stock data for MSFT...
2025-04-07 12:49:50,981 - WARNING - No time series data for MSFT
2025-04-07 12:49:50,981 - INFO - Fetching news data...
2025-04-07 12:49:50,981 - INFO - Fetching news data for Apple...
2025-04-07 12:49:51,431 - INFO - Fetching news data for Google...
2025-04-07 12:49:52,588 - INFO - Fetching news data for Microsoft...
2025-04-07 12:49:54,605 - INFO - News sentiment data loaded successfully!
2025-04-07 12:49:54,605 - INFO - Checking for alerts...
2025-04-07 12:52:15,882 - INFO - Fetching stock data...
2025-04-07 12:52:15,882 - INFO - Fetching stock data for AAPL...
2025-04-07 12:52:16,524 - WARNING - No time series data for AAPL
2025-04-07 12:52:16,524 - INFO - Fetching stock data for GOOGL...
2025-04-07 12:52:16,820 - WARNING - No time series data for GOOGL
2025-04-07 12:52:16,820 - INFO - Fetching stock data for MSFT...
2025-04-07 12:52:17,630 - WARNING - No time series data for MSFT
2025-04-07 12:52:17,630 - INFO - Fetching news data...
2025-04-07 12:52:17,630 - INFO - Fetching news data for Apple...
2025-04-07 12:52:23,051 - INFO - Fetching news data for Google...
2025-04-07 12:52:23,383 - INFO - Fetching news data for Microsoft...
2025-04-07 12:52:23,766 - INFO - News sentiment data loaded successfully!
2025-04-07 12:52:23,774 - INFO - Checking for alerts...
2025-04-07 12:54:54,718 - INFO - Fetching stock data...
2025-04-07 12:54:54,718 - INFO - Fetching stock data for AAPL...
2025-04-07 12:54:55,438 - WARNING - No time series data for AAPL
2025-04-07 12:54:55,438 - INFO - Fetching stock data for GOOGL...
2025-04-07 12:54:56,127 - WARNING - No time series data for GOOGL
2025-04-07 12:54:56,128 - INFO - Fetching stock data for MSFT...
2025-04-07 12:54:56,393 - WARNING - No time series data for MSFT
2025-04-07 12:54:56,393 - INFO - Fetching news data...
2025-04-07 12:54:56,393 - INFO - Fetching news data for Apple...
2025-04-07 12:54:57,861 - INFO - Fetching news data for Google...
2025-04-07 12:54:58,253 - INFO - Fetching news data for Microsoft...
2025-04-07 12:54:58,680 - INFO - News sentiment data loaded successfully!
2025-04-07 12:54:58,680 - INFO - Checking for alerts...
2025-04-07 12:55:01,790 - ERROR - Error sending email: (535, b'5.7.8 Username and Password not accepted. For more information, go to\n5.7.8  https://support.google.com/mail/?p=BadCredentials d9443c01a7336-2297866e2absm74016005ad.179 - gsmtp')
2025-04-07 12:57:23,873 - INFO - Fetching stock data...
2025-04-07 12:57:23,873 - INFO - Fetching stock data for AAPL...
2025-04-07 12:57:24,512 - WARNING - No time series data for AAPL
2025-04-07 12:57:24,512 - INFO - Fetching stock data for GOOGL...
2025-04-07 12:57:24,813 - WARNING - No time series data for GOOGL
2025-04-07 12:57:24,813 - INFO - Fetching stock data for MSFT...
2025-04-07 12:57:25,132 - WARNING - No time series data for MSFT
2025-04-07 12:57:25,133 - INFO - Fetching news data...
2025-04-07 12:57:25,133 - INFO - Fetching news data for Apple...
2025-04-07 12:57:25,567 - INFO - Fetching news data for Google...
2025-04-07 12:57:26,724 - INFO - Fetching news data for Microsoft...
2025-04-07 12:57:27,111 - INFO - News sentiment data loaded successfully!
2025-04-07 12:57:27,111 - INFO - Checking for alerts...
2025-04-07 12:57:30,411 - INFO - Email sent: Sentiment Alert: Negative Sentiment for Apple
2025-04-07 13:00:01,807 - INFO - Fetching stock data...
2025-04-07 13:00:01,807 - INFO - Fetching stock data for AAPL...
2025-04-07 13:00:03,434 - WARNING - No time series data for AAPL
2025-04-07 13:00:03,434 - INFO - Fetching stock data for GOOGL...
2025-04-07 13:00:03,753 - WARNING - No time series data for GOOGL
2025-04-07 13:00:03,753 - INFO - Fetching stock data for MSFT...
2025-04-07 13:00:04,446 - WARNING - No time series data for MSFT
2025-04-07 13:00:04,446 - INFO - Fetching news data...
2025-04-07 13:00:04,446 - INFO - Fetching news data for Apple...
2025-04-07 13:00:04,908 - INFO - Fetching news data for Google...
2025-04-07 13:00:05,325 - INFO - Fetching news data for Microsoft...
2025-04-07 13:00:05,796 - INFO - News sentiment data loaded successfully!
2025-04-07 13:00:05,796 - INFO - Checking for alerts...
